info it worked if it ends with ok
verbose cli [ 'node', '/usr/local/bin/npm', 'publish' ]
info using npm@1.0.94
info using node@v0.4.12
verbose config file /var/www/.npmrc
verbose config file /usr/local/etc/npmrc
verbose publish [ '.' ]
silly testEngine { name: 'Class',
silly testEngine   author: { name: 'Firejune', url: 'http://firejune.com/' },
silly testEngine   version: '0.1.1',
silly testEngine   description: 'Port of Prototype.js inheritance implementation for Node.js.',
silly testEngine   homepage: 'http://github.com/firejune/class',
silly testEngine   keywords: 
silly testEngine    [ 'prototype',
silly testEngine      'prototypejs',
silly testEngine      'inheritance',
silly testEngine      'implementation',
silly testEngine      'class' ],
silly testEngine   main: 'lib/class',
silly testEngine   directories: { lib: 'lib' },
silly testEngine   repository: 
silly testEngine    { type: 'git',
silly testEngine      url: 'git://github.com/firejune/class.git' },
silly testEngine   licenses: 
silly testEngine    [ { type: 'MIT',
silly testEngine        url: 'http://www.opensource.org/licenses/mit-license.php' } ],
silly testEngine   engines: { node: '>= 0.4.0' },
silly testEngine   _npmUser: { name: 'firejune', email: 'to@firejune.com' },
silly testEngine   _id: 'Class@0.1.1',
silly testEngine   dependencies: {},
silly testEngine   devDependencies: {},
silly testEngine   _engineSupported: true,
silly testEngine   _npmVersion: '1.0.94',
silly testEngine   _nodeVersion: 'v0.4.12',
silly testEngine   _defaultsLoaded: true,
silly testEngine   scripts: {} }
verbose caching /var/www/node/_modules/class/package.json
verbose loadDefaults Class@0.1.1
info prepublish Class@0.1.1
verbose cache add [ '.', null ]
silly cache add: name, spec, args [ undefined, '.', [ '.', null ] ]
verbose parsed url { pathname: '.', href: '.' }
silly testEngine { name: 'Class',
silly testEngine   author: { name: 'Firejune', url: 'http://firejune.com/' },
silly testEngine   version: '0.1.1',
silly testEngine   description: 'Port of Prototype.js inheritance implementation for Node.js.',
silly testEngine   homepage: 'http://github.com/firejune/class',
silly testEngine   keywords: 
silly testEngine    [ 'prototype',
silly testEngine      'prototypejs',
silly testEngine      'inheritance',
silly testEngine      'implementation',
silly testEngine      'class' ],
silly testEngine   main: 'lib/class',
silly testEngine   directories: { lib: 'lib' },
silly testEngine   repository: 
silly testEngine    { type: 'git',
silly testEngine      url: 'git://github.com/firejune/class.git' },
silly testEngine   licenses: 
silly testEngine    [ { type: 'MIT',
silly testEngine        url: 'http://www.opensource.org/licenses/mit-license.php' } ],
silly testEngine   engines: { node: '>= 0.4.0' },
silly testEngine   _npmUser: { name: 'firejune', email: 'to@firejune.com' },
silly testEngine   _id: 'Class@0.1.1',
silly testEngine   dependencies: {},
silly testEngine   devDependencies: {},
silly testEngine   _engineSupported: true,
silly testEngine   _npmVersion: '1.0.94',
silly testEngine   _nodeVersion: 'v0.4.12',
silly testEngine   _defaultsLoaded: true,
silly testEngine   path: '/var/www/node/_modules/class' }
verbose caching package.json
verbose loadDefaults Class@0.1.1
verbose pack /var/www/node/_modules/class /tmp/npm-1318993730841/1318993730841-0.5370607660152018/tmp.tgz
verbose mkdir (expected) error ENOENT, No such file or directory '/tmp/npm-1318993730841'
verbose mkdir (expected) error ENOENT, No such file or directory '/tmp/npm-1318993730841/1318993730841-0.5370607660152018'
verbose mkdir done: /tmp/npm-1318993730841/1318993730841-0.5370607660152018 755
verbose mkdir'ed /tmp/npm-1318993730841/1318993730841-0.5370607660152018
verbose tar about to write tar and gzip it.
silly tar args [ '-czvf',
silly tar args   '-',
silly tar args   'class/test.js',
silly tar args   'class/README.md',
silly tar args   'class/package.json',
silly tar args   'class/index.js',
silly tar args   'class/lib/class.js' ]
verbose mkdir (expected) error ENOENT, No such file or directory '/tmp/npm-1318993730841/1318993730841-0.5370607660152018/contents'
verbose mkdir (expected) error ENOENT, No such file or directory '/tmp/npm-1318993730841/1318993730841-0.5370607660152018/contents/___package.npm'
verbose mkdir done: /tmp/npm-1318993730841/1318993730841-0.5370607660152018/contents/___package.npm 755
verbose unpack_ uid, gid [ 0, 0 ]
verbose unpackTarget /tmp/npm-1318993730841/1318993730841-0.5370607660152018/contents/package
silly gunzTarPerm modes [ '755', '644' ]
silly tar out class/test.js
silly tar out class/README.md
silly tar out class/package.json
silly tar out class/index.js
silly tar out class/lib/class.js
silly asyncMap in gTP /tmp/npm-1318993730841/1318993730841-0.5370607660152018/contents/___package.npm/class
silly asyncMap in gTP /tmp/npm-1318993730841/1318993730841-0.5370607660152018/contents/___package.npm/class/test.js
silly asyncMap in gTP /tmp/npm-1318993730841/1318993730841-0.5370607660152018/contents/___package.npm/class/README.md
silly asyncMap in gTP /tmp/npm-1318993730841/1318993730841-0.5370607660152018/contents/___package.npm/class/package.json
silly asyncMap in gTP /tmp/npm-1318993730841/1318993730841-0.5370607660152018/contents/___package.npm/class/index.js
silly asyncMap in gTP /tmp/npm-1318993730841/1318993730841-0.5370607660152018/contents/___package.npm/class/lib
silly asyncMap in gTP /tmp/npm-1318993730841/1318993730841-0.5370607660152018/contents/___package.npm/class/lib/class.js
silly chmod test.js 644
silly chmod README.md 644
silly chmod package.json 644
silly chmod index.js 644
silly chmod class.js 644
verbose gunzed /tmp/npm-1318993730841/1318993730841-0.5370607660152018/contents/___package.npm/class
verbose rm'ed /tmp/npm-1318993730841/1318993730841-0.5370607660152018/contents/package
verbose renamed [ '/tmp/npm-1318993730841/1318993730841-0.5370607660152018/contents/___package.npm/class',
verbose renamed   '/tmp/npm-1318993730841/1318993730841-0.5370607660152018/contents/package' ]
silly testEngine { name: 'Class',
silly testEngine   author: { name: 'Firejune', url: 'http://firejune.com/' },
silly testEngine   version: '0.1.1',
silly testEngine   description: 'Port of Prototype.js inheritance implementation for Node.js.',
silly testEngine   homepage: 'http://github.com/firejune/class',
silly testEngine   keywords: 
silly testEngine    [ 'prototype',
silly testEngine      'prototypejs',
silly testEngine      'inheritance',
silly testEngine      'implementation',
silly testEngine      'class' ],
silly testEngine   main: 'lib/class',
silly testEngine   directories: { lib: 'lib' },
silly testEngine   repository: 
silly testEngine    { type: 'git',
silly testEngine      url: 'git://github.com/firejune/class.git' },
silly testEngine   licenses: 
silly testEngine    [ { type: 'MIT',
silly testEngine        url: 'http://www.opensource.org/licenses/mit-license.php' } ],
silly testEngine   engines: { node: '>= 0.4.0' },
silly testEngine   _npmUser: { name: 'firejune', email: 'to@firejune.com' },
silly testEngine   _id: 'Class@0.1.1',
silly testEngine   dependencies: {},
silly testEngine   devDependencies: {},
silly testEngine   _engineSupported: true,
silly testEngine   _npmVersion: '1.0.94',
silly testEngine   _nodeVersion: 'v0.4.12',
silly testEngine   _defaultsLoaded: true,
silly testEngine   path: '/tmp/npm-1318993730841/1318993730841-0.5370607660152018/contents/package' }
verbose caching /tmp/npm-1318993730841/1318993730841-0.5370607660152018/contents/package/package.json
verbose loadDefaults Class@0.1.1
verbose tarball contents [ 'package' ]
verbose from cache /tmp/npm-1318993730841/1318993730841-0.5370607660152018/contents/package/package.json
verbose pack /tmp/npm-1318993730841/1318993730841-0.5370607660152018/contents/package /var/www/.npm/Class/0.1.1/package.tgz
verbose mkdir'ed /var/www/.npm/Class/0.1.1
verbose tar about to write tar and gzip it.
silly tar args [ '-czvf',
silly tar args   '-',
silly tar args   'package/test.js',
silly tar args   'package/README.md',
silly tar args   'package/package.json',
silly tar args   'package/index.js',
silly tar args   'package/lib/class.js' ]
verbose mkdir (expected) error ENOENT, No such file or directory '/var/www/.npm/Class/0.1.1/___package.npm'
verbose mkdir done: /var/www/.npm/Class/0.1.1/___package.npm 755
verbose unpack_ uid, gid [ 0, 0 ]
verbose unpackTarget /var/www/.npm/Class/0.1.1/package
silly gunzTarPerm modes [ '755', '644' ]
silly tar out package/test.js
silly tar out package/README.md
silly tar out package/package.json
silly tar out package/index.js
silly tar out package/lib/class.js
silly asyncMap in gTP /var/www/.npm/Class/0.1.1/___package.npm/package
silly asyncMap in gTP /var/www/.npm/Class/0.1.1/___package.npm/package/test.js
silly asyncMap in gTP /var/www/.npm/Class/0.1.1/___package.npm/package/README.md
silly asyncMap in gTP /var/www/.npm/Class/0.1.1/___package.npm/package/package.json
silly asyncMap in gTP /var/www/.npm/Class/0.1.1/___package.npm/package/index.js
silly asyncMap in gTP /var/www/.npm/Class/0.1.1/___package.npm/package/lib
silly asyncMap in gTP /var/www/.npm/Class/0.1.1/___package.npm/package/lib/class.js
verbose gunzed /var/www/.npm/Class/0.1.1/___package.npm/package
verbose rm'ed /var/www/.npm/Class/0.1.1/package
verbose renamed [ '/var/www/.npm/Class/0.1.1/___package.npm/package',
verbose renamed   '/var/www/.npm/Class/0.1.1/package' ]
silly testEngine { name: 'Class',
silly testEngine   author: { name: 'Firejune', url: 'http://firejune.com/' },
silly testEngine   version: '0.1.1',
silly testEngine   description: 'Port of Prototype.js inheritance implementation for Node.js.',
silly testEngine   homepage: 'http://github.com/firejune/class',
silly testEngine   keywords: 
silly testEngine    [ 'prototype',
silly testEngine      'prototypejs',
silly testEngine      'inheritance',
silly testEngine      'implementation',
silly testEngine      'class' ],
silly testEngine   main: 'lib/class',
silly testEngine   directories: { lib: 'lib' },
silly testEngine   repository: 
silly testEngine    { type: 'git',
silly testEngine      url: 'git://github.com/firejune/class.git' },
silly testEngine   licenses: 
silly testEngine    [ { type: 'MIT',
silly testEngine        url: 'http://www.opensource.org/licenses/mit-license.php' } ],
silly testEngine   engines: { node: '>= 0.4.0' },
silly testEngine   _npmUser: { name: 'firejune', email: 'to@firejune.com' },
silly testEngine   _id: 'Class@0.1.1',
silly testEngine   dependencies: {},
silly testEngine   devDependencies: {},
silly testEngine   _engineSupported: true,
silly testEngine   _npmVersion: '1.0.94',
silly testEngine   _nodeVersion: 'v0.4.12',
silly testEngine   _defaultsLoaded: true,
silly testEngine   dist: 
silly testEngine    { shasum: 'c7598d21ea1e5b62245d30ba74e0738af0f71059',
silly testEngine      tarball: 'http://registry.npmjs.org/Class/-/Class-0.1.1.tgz' } }
verbose caching /var/www/.npm/Class/0.1.1/package/package.json
verbose loadDefaults Class@0.1.1
silly updated sha bytes 2589
info shasum c7598d21ea1e5b62245d30ba74e0738af0f71059
info shasum /var/www/.npm/Class/0.1.1/package.tgz
verbose from cache /var/www/.npm/Class/0.1.1/package/package.json
verbose chmod /var/www/.npm/Class/0.1.1/package.tgz 644
silly publish { name: 'Class',
silly publish   author: { name: 'Firejune', url: 'http://firejune.com/' },
silly publish   version: '0.1.1',
silly publish   description: 'Port of Prototype.js inheritance implementation for Node.js.',
silly publish   homepage: 'http://github.com/firejune/class',
silly publish   keywords: 
silly publish    [ 'prototype',
silly publish      'prototypejs',
silly publish      'inheritance',
silly publish      'implementation',
silly publish      'class' ],
silly publish   main: 'lib/class',
silly publish   directories: { lib: 'lib' },
silly publish   repository: 
silly publish    { type: 'git',
silly publish      url: 'git://github.com/firejune/class.git' },
silly publish   licenses: 
silly publish    [ { type: 'MIT',
silly publish        url: 'http://www.opensource.org/licenses/mit-license.php' } ],
silly publish   engines: { node: '>= 0.4.0' },
silly publish   _npmUser: { name: 'firejune', email: 'to@firejune.com' },
silly publish   _id: 'Class@0.1.1',
silly publish   dependencies: {},
silly publish   devDependencies: {},
silly publish   _engineSupported: true,
silly publish   _npmVersion: '1.0.94',
silly publish   _nodeVersion: 'v0.4.12',
silly publish   _defaultsLoaded: true,
silly publish   dist: 
silly publish    { shasum: 'c7598d21ea1e5b62245d30ba74e0738af0f71059',
silly publish      tarball: 'http://registry.npmjs.org/Class/-/Class-0.1.1.tgz' } }
verbose PUT Class
verbose raw, before any munging Class
verbose url resolving [ 'https://registry.npmjs.org/', './Class' ]
verbose url resolved https://registry.npmjs.org/Class
verbose GET Class
verbose raw, before any munging Class
verbose url resolving [ 'https://registry.npmjs.org/', './Class' ]
verbose url resolved https://registry.npmjs.org/Class
info Already published Class@0.1.1
verbose uploading bin dists []
ERR! publish fail Cannot publish over existing version.
ERR! publish fail Bump the 'version' field, set the --force flag, or
ERR! publish fail     npm unpublish 'Class@0.1.1'
ERR! publish fail and try again
ERR! 
ERR! System Linux 2.6.18-194.3.1.el5xen
ERR! command "node" "/usr/local/bin/npm" "publish"
ERR! cwd /var/www/node/_modules/class
ERR! node -v v0.4.12
ERR! npm -v 1.0.94
ERR! code EPUBLISHCONFLICT
verbose exit [ 1, true ]
